# JRE version: OpenJDK Runtime Environment OpenLogic-OpenJDK (17.0.16+8) (build 17.0.16+8-adhoc..jdk17u)
# Java VM: OpenJDK 64-Bit Server VM OpenLogic-OpenJDK (17.0.16+8-adhoc..jdk17u, mixed mode, sharing, tiered, compressed oops, compressed class ptrs, g1 gc, windows-amd64)
GC Precious Log:
 CPUs: 4 total, 4 available
 Memory: 16118M
 Large Page Support: Disabled
 NUMA Support: Disabled
 Compressed Oops: Enabled (32-bit)
 Heap Region Size: 1M
 Heap Min Capacity: 8M
 Heap Initial Capacity: 252M
 Heap Max Capacity: 2G
 Pre-touch: Disabled
 Parallel Workers: 4
 Concurrent Workers: 1
 Concurrent Refinement Workers: 4
 Periodic GC: Disabled
Heap:
 garbage-first heap   total 101376K, used 75226K [0x0000000080000000, 0x0000000100000000)
  region size 1024K, 21 young (21504K), 2 survivors (2048K)
 Metaspace       used 67729K, committed 68416K, reserved 491520K
  class space    used 9382K, committed 9728K, reserved 425984K
GC Heap History (20 events):
Event: 19.884 GC heap before
{Heap before GC invocations=15 (full 0):
 garbage-first heap   total 86016K, used 67715K [0x0000000080000000, 0x0000000100000000)
  region size 1024K, 31 young (31744K), 4 survivors (4096K)
 Metaspace       used 54361K, committed 54912K, reserved 491520K
  class space    used 7476K, committed 7744K, reserved 425984K
}
Event: 19.888 GC heap after
{Heap after GC invocations=16 (full 0):
 garbage-first heap   total 86016K, used 40923K [0x0000000080000000, 0x0000000100000000)
  region size 1024K, 1 young (1024K), 1 survivors (1024K)
 Metaspace       used 54361K, committed 54912K, reserved 491520K
  class space    used 7476K, committed 7744K, reserved 425984K
}
Event: 21.290 GC heap before
{Heap before GC invocations=16 (full 0):
 garbage-first heap   total 86016K, used 70619K [0x0000000080000000, 0x0000000100000000)
  region size 1024K, 30 young (30720K), 1 survivors (1024K)
 Metaspace       used 57583K, committed 58112K, reserved 491520K
  class space    used 7965K, committed 8192K, reserved 425984K
}
Event: 21.295 GC heap after
{Heap after GC invocations=17 (full 0):
 garbage-first heap   total 86016K, used 42907K [0x0000000080000000, 0x0000000100000000)
  region size 1024K, 3 young (3072K), 3 survivors (3072K)
 Metaspace       used 57583K, committed 58112K, reserved 491520K
  class space    used 7965K, committed 8192K, reserved 425984K
}
Event: 23.899 GC heap before
{Heap before GC invocations=18 (full 0):
 garbage-first heap   total 86016K, used 68507K [0x0000000080000000, 0x0000000100000000)
  region size 1024K, 29 young (29696K), 3 survivors (3072K)
 Metaspace       used 59798K, committed 60416K, reserved 491520K
  class space    used 8304K, committed 8576K, reserved 425984K
}
Event: 23.907 GC heap after
{Heap after GC invocations=19 (full 0):
 garbage-first heap   total 86016K, used 46297K [0x0000000080000000, 0x0000000100000000)
  region size 1024K, 4 young (4096K), 4 survivors (4096K)
 Metaspace       used 59798K, committed 60416K, reserved 491520K
  class space    used 8304K, committed 8576K, reserved 425984K
}
Event: 24.875 GC heap before
{Heap before GC invocations=19 (full 0):
 garbage-first heap   total 86016K, used 67801K [0x0000000080000000, 0x0000000100000000)
  region size 1024K, 26 young (26624K), 4 survivors (4096K)
 Metaspace       used 60103K, committed 60736K, reserved 491520K
  class space    used 8309K, committed 8576K, reserved 425984K
}
Event: 24.882 GC heap after
{Heap after GC invocations=20 (full 0):
 garbage-first heap   total 86016K, used 48623K [0x0000000080000000, 0x0000000100000000)
  region size 1024K, 4 young (4096K), 4 survivors (4096K)
 Metaspace       used 60103K, committed 60736K, reserved 491520K
  class space    used 8309K, committed 8576K, reserved 425984K
}
Event: 25.945 GC heap before
{Heap before GC invocations=21 (full 0):
 garbage-first heap   total 86016K, used 75247K [0x0000000080000000, 0x0000000100000000)
  region size 1024K, 24 young (24576K), 4 survivors (4096K)
 Metaspace       used 61403K, committed 62016K, reserved 491520K
  class space    used 8486K, committed 8768K, reserved 425984K
}
Event: 25.950 GC heap after
{Heap after GC invocations=22 (full 0):
 garbage-first heap   total 86016K, used 56704K [0x0000000080000000, 0x0000000100000000)
  region size 1024K, 3 young (3072K), 3 survivors (3072K)
 Metaspace       used 61403K, committed 62016K, reserved 491520K
  class space    used 8486K, committed 8768K, reserved 425984K
}
Event: 25.989 GC heap before
{Heap before GC invocations=22 (full 0):
 garbage-first heap   total 86016K, used 57728K [0x0000000080000000, 0x0000000100000000)
  region size 1024K, 4 young (4096K), 3 survivors (3072K)
 Metaspace       used 61503K, committed 62080K, reserved 491520K
  class space    used 8499K, committed 8768K, reserved 425984K
}
Event: 25.992 GC heap after
{Heap after GC invocations=23 (full 0):
 garbage-first heap   total 86016K, used 56542K [0x0000000080000000, 0x0000000100000000)
  region size 1024K, 1 young (1024K), 1 survivors (1024K)
 Metaspace       used 61503K, committed 62080K, reserved 491520K
  class space    used 8499K, committed 8768K, reserved 425984K
}
Event: 26.695 GC heap before
{Heap before GC invocations=23 (full 0):
 garbage-first heap   total 86016K, used 67806K [0x0000000080000000, 0x0000000100000000)
  region size 1024K, 13 young (13312K), 1 survivors (1024K)
 Metaspace       used 63324K, committed 64000K, reserved 491520K
  class space    used 8725K, committed 9024K, reserved 425984K
}
Event: 26.697 GC heap after
{Heap after GC invocations=24 (full 0):
 garbage-first heap   total 86016K, used 56836K [0x0000000080000000, 0x0000000100000000)
  region size 1024K, 1 young (1024K), 1 survivors (1024K)
 Metaspace       used 63324K, committed 64000K, reserved 491520K
  class space    used 8725K, committed 9024K, reserved 425984K
}
Event: 27.258 GC heap before
{Heap before GC invocations=25 (full 0):
 garbage-first heap   total 101376K, used 70148K [0x0000000080000000, 0x0000000100000000)
  region size 1024K, 14 young (14336K), 1 survivors (1024K)
 Metaspace       used 64215K, committed 64896K, reserved 491520K
  class space    used 8874K, committed 9216K, reserved 425984K
}
Event: 27.261 GC heap after
{Heap after GC invocations=26 (full 0):
 garbage-first heap   total 101376K, used 57309K [0x0000000080000000, 0x0000000100000000)
  region size 1024K, 2 young (2048K), 2 survivors (2048K)
 Metaspace       used 64215K, committed 64896K, reserved 491520K
  class space    used 8874K, committed 9216K, reserved 425984K
}
Event: 27.387 GC heap before
{Heap before GC invocations=26 (full 0):
 garbage-first heap   total 101376K, used 59357K [0x0000000080000000, 0x0000000100000000)
  region size 1024K, 4 young (4096K), 2 survivors (2048K)
 Metaspace       used 64330K, committed 65024K, reserved 491520K
  class space    used 8893K, committed 9216K, reserved 425984K
}
Event: 27.389 GC heap after
{Heap after GC invocations=27 (full 0):
 garbage-first heap   total 101376K, used 56865K [0x0000000080000000, 0x0000000100000000)
  region size 1024K, 1 young (1024K), 1 survivors (1024K)
 Metaspace       used 64330K, committed 65024K, reserved 491520K
  class space    used 8893K, committed 9216K, reserved 425984K
}
Event: 28.313 GC heap before
{Heap before GC invocations=27 (full 0):
 garbage-first heap   total 101376K, used 81441K [0x0000000080000000, 0x0000000100000000)
  region size 1024K, 26 young (26624K), 1 survivors (1024K)
 Metaspace       used 66001K, committed 66624K, reserved 491520K
  class space    used 9108K, committed 9408K, reserved 425984K
}
Event: 28.315 GC heap after
{Heap after GC invocations=28 (full 0):
 garbage-first heap   total 101376K, used 57818K [0x0000000080000000, 0x0000000100000000)
  region size 1024K, 2 young (2048K), 2 survivors (2048K)
 Metaspace       used 66001K, committed 66624K, reserved 491520K
  class space    used 9108K, committed 9408K, reserved 425984K
}

